
  .   ____          _            __ _ _
 /\\ / ___'_ __ _ _(_)_ __  __ _ \ \ \ \
( ( )\___ | '_ | '_| | '_ \/ _` | \ \ \ \
 \\/  ___)| |_)| | | | | || (_| |  ) ) ) )
  '  |____| .__|_| |_|_| |_\__, | / / / /
 =========|_|==============|___/=/_/_/_/

 :: Spring Boot ::                (v3.3.2)

2025-08-12T20:35:12.457Z  INFO 11229 --- [           main] com.cms.CmsServiceApplication            : Starting CmsServiceApplication using Java 21.0.7 with PID 11229 (/workspace/backend/cms-service/target/cms-service-0.0.1-SNAPSHOT.jar started by ubuntu in /workspace/backend/cms-service)
2025-08-12T20:35:12.460Z  INFO 11229 --- [           main] com.cms.CmsServiceApplication            : No active profile set, falling back to 1 default profile: "default"
2025-08-12T20:35:13.016Z  INFO 11229 --- [           main] .s.d.r.c.RepositoryConfigurationDelegate : Bootstrapping Spring Data JPA repositories in DEFAULT mode.
2025-08-12T20:35:13.057Z  INFO 11229 --- [           main] .s.d.r.c.RepositoryConfigurationDelegate : Finished Spring Data repository scanning in 35 ms. Found 7 JPA repository interfaces.
2025-08-12T20:35:13.422Z  INFO 11229 --- [           main] o.s.b.w.embedded.tomcat.TomcatWebServer  : Tomcat initialized with port 8081 (http)
2025-08-12T20:35:13.432Z  INFO 11229 --- [           main] o.apache.catalina.core.StandardService   : Starting service [Tomcat]
2025-08-12T20:35:13.432Z  INFO 11229 --- [           main] o.apache.catalina.core.StandardEngine    : Starting Servlet engine: [Apache Tomcat/10.1.26]
2025-08-12T20:35:13.454Z  INFO 11229 --- [           main] o.a.c.c.C.[Tomcat].[localhost].[/api]    : Initializing Spring embedded WebApplicationContext
2025-08-12T20:35:13.455Z  INFO 11229 --- [           main] w.s.c.ServletWebServerApplicationContext : Root WebApplicationContext: initialization completed in 948 ms
2025-08-12T20:35:13.498Z  INFO 11229 --- [           main] com.zaxxer.hikari.HikariDataSource       : HikariPool-1 - Starting...
2025-08-12T20:35:13.642Z  INFO 11229 --- [           main] com.zaxxer.hikari.pool.HikariPool        : HikariPool-1 - Added connection conn0: url=jdbc:h2:mem:cmsdb user=SA
2025-08-12T20:35:13.643Z  INFO 11229 --- [           main] com.zaxxer.hikari.HikariDataSource       : HikariPool-1 - Start completed.
2025-08-12T20:35:13.654Z  INFO 11229 --- [           main] o.s.b.a.h2.H2ConsoleAutoConfiguration    : H2 console available at '/h2-console'. Database available at 'jdbc:h2:mem:cmsdb'
2025-08-12T20:35:13.759Z  INFO 11229 --- [           main] o.hibernate.jpa.internal.util.LogHelper  : HHH000204: Processing PersistenceUnitInfo [name: default]
2025-08-12T20:35:13.792Z  INFO 11229 --- [           main] org.hibernate.Version                    : HHH000412: Hibernate ORM core version 6.5.2.Final
2025-08-12T20:35:13.814Z  INFO 11229 --- [           main] o.h.c.internal.RegionFactoryInitiator    : HHH000026: Second-level cache disabled
2025-08-12T20:35:13.979Z  INFO 11229 --- [           main] o.s.o.j.p.SpringPersistenceUnitInfo      : No LoadTimeWeaver setup: ignoring JPA class transformer
2025-08-12T20:35:14.601Z  INFO 11229 --- [           main] o.h.e.t.j.p.i.JtaPlatformInitiator       : HHH000489: No JTA platform available (set 'hibernate.transaction.jta.platform' to enable JTA platform integration)
2025-08-12T20:35:14.642Z  INFO 11229 --- [           main] j.LocalContainerEntityManagerFactoryBean : Initialized JPA EntityManagerFactory for persistence unit 'default'
2025-08-12T20:35:14.938Z  WARN 11229 --- [           main] JpaBaseConfiguration$JpaWebConfiguration : spring.jpa.open-in-view is enabled by default. Therefore, database queries may be performed during view rendering. Explicitly configure spring.jpa.open-in-view to disable this warning
2025-08-12T20:35:14.955Z  WARN 11229 --- [           main] .s.s.UserDetailsServiceAutoConfiguration : 

Using generated security password: 41646d77-b4f4-4819-8e02-56f04ee5cc83

This generated password is for development use only. Your security configuration must be updated before running your application in production.

2025-08-12T20:35:14.966Z  INFO 11229 --- [           main] r$InitializeUserDetailsManagerConfigurer : Global AuthenticationManager configured with UserDetailsService bean with name inMemoryUserDetailsManager
2025-08-12T20:35:15.263Z  WARN 11229 --- [           main] ConfigServletWebServerApplicationContext : Exception encountered during context initialization - cancelling refresh attempt: org.springframework.context.ApplicationContextException: Failed to start bean 'webServerStartStop'
2025-08-12T20:35:15.265Z  INFO 11229 --- [           main] j.LocalContainerEntityManagerFactoryBean : Closing JPA EntityManagerFactory for persistence unit 'default'
2025-08-12T20:35:15.266Z  INFO 11229 --- [           main] com.zaxxer.hikari.HikariDataSource       : HikariPool-1 - Shutdown initiated...
2025-08-12T20:35:15.268Z  INFO 11229 --- [           main] com.zaxxer.hikari.HikariDataSource       : HikariPool-1 - Shutdown completed.
2025-08-12T20:35:15.275Z  INFO 11229 --- [           main] .s.b.a.l.ConditionEvaluationReportLogger : 

Error starting ApplicationContext. To display the condition evaluation report re-run your application with 'debug' enabled.
2025-08-12T20:35:15.284Z ERROR 11229 --- [           main] o.s.b.d.LoggingFailureAnalysisReporter   : 

***************************
APPLICATION FAILED TO START
***************************

Description:

Web server failed to start. Port 8081 was already in use.

Action:

Identify and stop the process that's listening on port 8081 or configure this application to listen on another port.

